Successfully parsed 2 server(s)
Server socket created and listening on port 8080 (fd: 3)
Server socket created and listening on port 8081 (fd: 4)
Successfully initialized 2 server socket(s)
Webserv started successfully!
Server is listening on 2 socket(s)
Event loop started. Listening for connections...
New client connected (fd: 5)
HTTP request completed: 0 /
Host header 'localhost' matches server_name 'localhost'
Selected server: localhost (port 8080)
Routing request: GET /
Matched location: / (root: test_files/www)
Method GET is allowed
Resolved file path: test_files/www/
Path is a directory
Checking index file: test_files/www/index.html
Found index file: test_files/www/index.html
Read 78 bytes from client 5
Sent 175 bytes to client 5
Client 5 disconnected
New client connected (fd: 5)
HTTP request completed: 1 /
Host header 'localhost' matches server_name 'localhost'
Selected server: localhost (port 8080)
Routing request: POST /
Matched location: / (root: test_files/www)
Method POST is allowed
Resolved file path: test_files/www/
Path is a directory
Checking index file: test_files/www/index.html
Found index file: test_files/www/index.html
Read 74 bytes from client 5
Sent 121 bytes to client 5
Client 5 disconnected
New client connected (fd: 5)
Host header 'localhost' matches server_name 'localhost'
Read 192 bytes from client 5
HTTP request completed: 1 /upload
Host header 'localhost' matches server_name 'localhost'
Selected server: localhost (port 8080)
Routing request: POST /upload
Matched location: /upload (root: test_files/uploads)
Method POST is allowed
Resolved file path: test_files/uploads/
Path is a directory
Directory listing enabled
Read 201 bytes from client 5
Sent 149 bytes to client 5
Client 5 disconnected
New client connected (fd: 5)
HTTP request completed: 1 /upload
Host header 'localhost' matches server_name 'localhost'
Selected server: localhost (port 8080)
Routing request: POST /upload
Matched location: /upload (root: test_files/uploads)
Method POST is allowed
Resolved file path: test_files/uploads/
Path is a directory
Directory listing enabled
Read 393 bytes from client 5
Sent 152 bytes to client 5
Client 5 disconnected
New client connected (fd: 5)
Host header 'localhost' matches server_name 'localhost'
Read 192 bytes from client 5
HTTP request completed: 1 /upload
Host header 'localhost' matches server_name 'localhost'
Selected server: localhost (port 8080)
Routing request: POST /upload
Matched location: /upload (root: test_files/uploads)
Method POST is allowed
Resolved file path: test_files/uploads/
Path is a directory
Directory listing enabled
Read 450 bytes from client 5
Sent 186 bytes to client 5
Client 5 disconnected
New client connected (fd: 5)
Host header 'localhost' matches server_name 'localhost'
Sent 244 bytes to client 5
Client 5 disconnected
